<?xml version="1.0" encoding="UTF-8"?>
<!-- Generated by org.testng.reporters.JUnitReportReporter -->
<testsuite hostname="DESKTOP-89KUPK1" failures="0" tests="1" name="com.edwindpk.automation.tests.NetomiTest" time="53.771" errors="0" timestamp="2025-07-09T14:53:37 IST" skipped="0">
  <testcase classname="com.edwindpk.automation.tests.NetomiTest" name="testNetomi" time="53.771"/>
</testsuite> <!-- com.edwindpk.automation.tests.NetomiTest -->
